<?xml version="1.0" encoding="UTF-8"?>
<testng-results ignored="0" total="1" passed="1" failed="0" skipped="0">
  <reporter-output>
  </reporter-output>
  <suite started-at="2022-09-16T20:47:35 IST" name="Default suite" finished-at="2022-09-16T20:47:35 IST" duration-ms="79">
    <groups>
    </groups>
    <test started-at="2022-09-16T20:47:35 IST" name="Default test" finished-at="2022-09-16T20:47:35 IST" duration-ms="79">
      <class name="HelloWordTest.HelloPrintTest">
        <test-method signature="helloTest()[pri:0, instance:HelloWordTest.HelloPrintTest@7671cb68]" started-at="2022-09-16T20:47:35 IST" name="helloTest" finished-at="2022-09-16T20:47:35 IST" duration-ms="14" status="PASS">
          <reporter-output>
          </reporter-output>
        </test-method> <!-- helloTest -->
      </class> <!-- HelloWordTest.HelloPrintTest -->
    </test> <!-- Default test -->
  </suite> <!-- Default suite -->
</testng-results>
